<?xml version="1.0" encoding="UTF-8"?>
<!-- Generated by org.testng.reporters.JUnitReportReporter -->
<testsuite hostname="RezD021" name="Panel_Automation.PackageCreation" tests="1" failures="0" timestamp="31 Jan 2018 16:09:23 GMT" time="55.185" errors="0">
  <testcase name="start" time="55.185" classname="Panel_Automation.PackageCreation"/>
</testsuite> <!-- Panel_Automation.PackageCreation -->
