<?xml version="1.0" encoding="UTF-8"?>
<!-- Generated by org.testng.reporters.JUnitReportReporter -->
<testsuite hostname="rezd031" name="SendMail.SendMaximaDataDumpStatus" tests="1" failures="0" timestamp="31 Jan 2018 04:02:00 GMT" time="5.445" errors="0">
  <testcase name="execute" time="5.445" classname="SendMail.SendMaximaDataDumpStatus"/>
</testsuite> <!-- SendMail.SendMaximaDataDumpStatus -->
