<?xml version="1.0" encoding="UTF-8"?>
<!-- Generated by org.testng.reporters.JUnitReportReporter -->
<testsuite skipped="0" hostname="rezd031" name="Panel_Automation.PromotionCreation" tests="1" failures="0" timestamp="24 Jan 2018 06:53:21 GMT" time="71.002" errors="0">
  <testcase name="start" time="71.002" classname="Panel_Automation.PromotionCreation"/>
</testsuite> <!-- Panel_Automation.PromotionCreation -->
