<?xml version="1.0" encoding="UTF-8"?>
<!-- Generated by org.testng.reporters.JUnitReportReporter -->
<testsuite hostname="RezD021" name="SendMail.SendMaximaDataDumpStatus" tests="1" failures="0" timestamp="17 Oct 2017 04:00:43 GMT" time="7.295" errors="0">
  <testcase name="execute" time="7.295" classname="SendMail.SendMaximaDataDumpStatus"/>
</testsuite> <!-- SendMail.SendMaximaDataDumpStatus -->
