<?xml version="1.0" encoding="UTF-8"?>
<!-- Generated by org.testng.reporters.JUnitReportReporter -->
<testsuite hostname="RezD021" name="Dev_progress.PackageCreation" tests="1" failures="0" timestamp="18 Sep 2017 08:45:29 GMT" time="54.953" errors="0">
  <testcase name="start" time="54.953" classname="Dev_progress.PackageCreation"/>
</testsuite> <!-- Dev_progress.PackageCreation -->
