<?xml version="1.0" encoding="UTF-8"?>
<!-- Generated by org.testng.reporters.JUnitReportReporter -->
<testsuite hostname="RezD021" name="Panel_Automation.PromocodeCreation" tests="1" failures="0" timestamp="8 Dec 2017 02:56:52 GMT" time="55.071" errors="0">
  <testcase name="promo" time="55.071" classname="Panel_Automation.PromocodeCreation"/>
</testsuite> <!-- Panel_Automation.PromocodeCreation -->
