<?xml version="1.0" encoding="UTF-8"?>
<!-- Generated by org.testng.reporters.JUnitReportReporter -->
<testsuite hostname="RezD021" name="Panel_Automation.RateCreation" tests="1" failures="0" timestamp="31 Jan 2018 16:30:37 GMT" time="0.155" errors="0">
  <testcase name="start" time="0.155" classname="Panel_Automation.RateCreation"/>
</testsuite> <!-- Panel_Automation.RateCreation -->
