<?xml version="1.0" encoding="UTF-8"?>
<!-- Generated by org.testng.reporters.JUnitReportReporter -->
<testsuite hostname="RezD021" name="Dev_progress.PackageCreation" tests="1" failures="0" timestamp="7 Apr 2017 11:24:15 GMT" time="51.987" errors="0">
  <testcase name="start" time="51.987" classname="Dev_progress.PackageCreation"/>
</testsuite> <!-- Dev_progress.PackageCreation -->
