<?xml version="1.0" encoding="UTF-8"?>
<!-- Generated by org.testng.reporters.JUnitReportReporter -->
<testsuite hostname="RezD021" name="SendMail.SendMail" tests="1" failures="0" timestamp="24 Mar 2017 08:01:57 GMT" time="2.849" errors="0">
  <testcase name="execute" time="2.849" classname="SendMail.SendMail"/>
</testsuite> <!-- SendMail.SendMail -->
