<?xml version="1.0" encoding="UTF-8"?>
<!-- Generated by org.testng.reporters.JUnitReportReporter -->
<testsuite hostname="RezD021" name="SendMail.SendMaximaDataDumpStatus" tests="1" failures="0" timestamp="24 Oct 2017 04:06:57 GMT" time="6.503" errors="0">
  <testcase name="execute" time="6.503" classname="SendMail.SendMaximaDataDumpStatus"/>
</testsuite> <!-- SendMail.SendMaximaDataDumpStatus -->
