<?xml version="1.0" encoding="UTF-8"?>
<!-- Generated by org.testng.reporters.JUnitReportReporter -->
<testsuite hostname="RezD021" name="SendMail.SendMaximaDataDumpStatus" tests="1" failures="0" timestamp="9 Nov 2017 04:01:39 GMT" time="10.751" errors="0">
  <testcase name="execute" time="10.751" classname="SendMail.SendMaximaDataDumpStatus"/>
</testsuite> <!-- SendMail.SendMaximaDataDumpStatus -->
