<?xml version="1.0" encoding="UTF-8"?>
<!-- Generated by org.testng.reporters.JUnitReportReporter -->
<testsuite skipped="0" hostname="rezd031" name="Panel_Automation.TicketCheck" tests="1" failures="0" timestamp="24 Jan 2018 09:32:27 GMT" time="52.274" errors="0">
  <testcase name="createTicket" time="52.274" classname="Panel_Automation.TicketCheck"/>
</testsuite> <!-- Panel_Automation.TicketCheck -->
