<?xml version="1.0" encoding="UTF-8"?>
<!-- Generated by org.testng.reporters.JUnitReportReporter -->
<testsuite hostname="RezD021" name="Dev_progress.PromocodeCreation" tests="1" failures="0" timestamp="7 Apr 2017 11:24:15 GMT" time="49.363" errors="0">
  <testcase name="promo" time="49.363" classname="Dev_progress.PromocodeCreation"/>
</testsuite> <!-- Dev_progress.PromocodeCreation -->
