<?xml version="1.0" encoding="UTF-8"?>
<!-- Generated by org.testng.reporters.JUnitReportReporter -->
<testsuite hostname="RezD021" name="Dev_progress.RateCreation" tests="1" failures="0" timestamp="6 Jun 2017 19:38:09 GMT" time="57.095" errors="0">
  <testcase name="start" time="57.095" classname="Dev_progress.RateCreation"/>
</testsuite> <!-- Dev_progress.RateCreation -->
