<?xml version="1.0" encoding="UTF-8"?>
<!-- Generated by org.testng.reporters.JUnitReportReporter -->
<testsuite hostname="RezD021" name="SendMail.SendMail" tests="1" failures="0" timestamp="24 Oct 2017 08:54:23 GMT" time="8.705" errors="0">
  <testcase name="execute" time="8.705" classname="SendMail.SendMail"/>
</testsuite> <!-- SendMail.SendMail -->
