<?xml version="1.0" encoding="UTF-8"?>
<!-- Generated by org.testng.reporters.JUnitReportReporter -->
<testsuite hostname="RezD021" name="Panel_Automation.TicketCheck" tests="1" failures="0" timestamp="8 Dec 2017 02:56:52 GMT" time="50.218" errors="0">
  <testcase name="createTicket" time="50.218" classname="Panel_Automation.TicketCheck"/>
</testsuite> <!-- Panel_Automation.TicketCheck -->
