<?xml version="1.0" encoding="UTF-8"?>
<!-- Generated by org.testng.reporters.JUnitReportReporter -->
<testsuite hostname="RezD021" name="Dev_progress.Maxima" tests="1" failures="0" timestamp="24 Oct 2017 04:06:46 GMT" time="376.793" errors="0">
  <testcase name="start" time="376.793" classname="Dev_progress.Maxima"/>
</testsuite> <!-- Dev_progress.Maxima -->
