<?xml version="1.0" encoding="UTF-8"?>
<!-- Generated by org.testng.reporters.JUnitReportReporter -->
<testsuite hostname="RezD021" name="Dev_progress.PromotionCreation" tests="1" failures="0" timestamp="18 Sep 2017 08:45:29 GMT" time="69.345" errors="0">
  <testcase name="start" time="69.345" classname="Dev_progress.PromotionCreation"/>
</testsuite> <!-- Dev_progress.PromotionCreation -->
