<?xml version="1.0" encoding="UTF-8"?>
<!-- Generated by org.testng.reporters.JUnitReportReporter -->
<testsuite hostname="RezD021" name="Dev_progress.RateCreation" tests="1" failures="0" timestamp="18 Sep 2017 08:45:29 GMT" time="59.171" errors="0">
  <testcase name="start" time="59.171" classname="Dev_progress.RateCreation"/>
</testsuite> <!-- Dev_progress.RateCreation -->
