<?xml version="1.0" encoding="UTF-8"?>
<!-- Generated by org.testng.reporters.JUnitReportReporter -->
<testsuite hostname="RezD021" name="Panel_Automation.TicketCheck" tests="1" failures="0" timestamp="31 Jan 2018 16:09:23 GMT" time="50.542" errors="0">
  <testcase name="createTicket" time="50.542" classname="Panel_Automation.TicketCheck"/>
</testsuite> <!-- Panel_Automation.TicketCheck -->
