<?xml version="1.0" encoding="UTF-8"?>
<!-- Generated by org.testng.reporters.JUnitReportReporter -->
<testsuite hostname="RezD021" name="Dev_progress.PromocodeCreation" tests="1" failures="0" timestamp="6 Jun 2017 19:38:09 GMT" time="25.317" errors="0">
  <testcase name="promo" time="25.317" classname="Dev_progress.PromocodeCreation"/>
</testsuite> <!-- Dev_progress.PromocodeCreation -->
