<?xml version="1.0" encoding="UTF-8"?>
<!-- Generated by org.testng.reporters.JUnitReportReporter -->
<testsuite hostname="RezD021" name="IBE.SwingsProgram" tests="1" failures="0" timestamp="31 Oct 2017 13:10:25 GMT" time="2.940" errors="0">
  <testcase name="test1" time="2.940" classname="IBE.SwingsProgram"/>
</testsuite> <!-- IBE.SwingsProgram -->
