<?xml version="1.0" encoding="UTF-8"?>
<!-- Generated by org.testng.reporters.JUnitReportReporter -->
<testsuite hostname="RezD021" name="Dev_progress.RateCreation" tests="1" failures="0" timestamp="24 Mar 2017 08:01:52 GMT" time="0.049" errors="0">
  <testcase name="start" time="0.049" classname="Dev_progress.RateCreation"/>
</testsuite> <!-- Dev_progress.RateCreation -->
