<?xml version="1.0" encoding="UTF-8"?>
<!-- Generated by org.testng.reporters.JUnitReportReporter -->
<testsuite hostname="RezD021" name="Enroll_hotel_test.RateTest" tests="1" failures="0" timestamp="11 Apr 2017 09:07:19 GMT" time="1471.008" errors="0">
  <testcase name="start" time="1471.008" classname="Enroll_hotel_test.RateTest"/>
</testsuite> <!-- Enroll_hotel_test.RateTest -->
