<?xml version="1.0" encoding="UTF-8"?>
<!-- Generated by org.testng.reporters.JUnitReportReporter -->
<testsuite hostname="RezD021" name="Dev_progress.DataSyn" tests="3" failures="0" timestamp="23 Oct 2017 09:30:36 GMT" time="193.869" errors="0">
  <testcase name="datasyn" time="66.973" classname="Dev_progress.DataSyn"/>
  <testcase name="datasyn" time="28.498" classname="Dev_progress.DataSyn"/>
  <testcase name="datasyn" time="98.398" classname="Dev_progress.DataSyn"/>
</testsuite> <!-- Dev_progress.DataSyn -->
