<?xml version="1.0" encoding="UTF-8"?>
<!-- Generated by org.testng.reporters.JUnitReportReporter -->
<testsuite hostname="RezD021" name="Maxima.Maxima" tests="1" failures="0" timestamp="18 Dec 2017 04:15:15 GMT" time="869.762" errors="0">
  <testcase name="start" time="869.762" classname="Maxima.Maxima"/>
</testsuite> <!-- Maxima.Maxima -->
