<?xml version="1.0" encoding="UTF-8"?>
<!-- Generated by org.testng.reporters.JUnitReportReporter -->
<testsuite hostname="RezD021" name="Dev_progress.TicketCheck" tests="1" failures="0" timestamp="18 Sep 2017 08:45:29 GMT" time="26.623" errors="0">
  <testcase name="createTicket" time="26.623" classname="Dev_progress.TicketCheck"/>
</testsuite> <!-- Dev_progress.TicketCheck -->
