<?xml version="1.0" encoding="UTF-8"?>
<!-- Generated by org.testng.reporters.JUnitReportReporter -->
<testsuite hostname="RezD021" name="Dev_progress.TicketCheck" tests="1" failures="0" timestamp="7 Apr 2017 11:24:15 GMT" time="16.606" errors="0">
  <testcase name="createTicket" time="16.606" classname="Dev_progress.TicketCheck"/>
</testsuite> <!-- Dev_progress.TicketCheck -->
