<?xml version="1.0" encoding="UTF-8"?>
<!-- Generated by org.testng.reporters.JUnitReportReporter -->
<testsuite skipped="1" hostname="rezd031" name="Panel_Automation.PromocodeCreation" tests="1" failures="0" timestamp="23 Jan 2018 05:12:45 GMT" time="0.000" errors="0">
  <testcase name="promo" time="0.000" classname="Panel_Automation.PromocodeCreation">
    <skipped/>
  </testcase> <!-- promo -->
</testsuite> <!-- Panel_Automation.PromocodeCreation -->
