<?xml version="1.0" encoding="UTF-8"?>
<!-- Generated by org.testng.reporters.JUnitReportReporter -->
<testsuite hostname="RezD021" name="Dev_progress.PromocodeCreation" tests="1" failures="0" timestamp="18 Sep 2017 08:45:29 GMT" time="29.717" errors="0">
  <testcase name="promo" time="29.717" classname="Dev_progress.PromocodeCreation"/>
</testsuite> <!-- Dev_progress.PromocodeCreation -->
