<?xml version="1.0" encoding="UTF-8"?>
<!-- Generated by org.testng.reporters.JUnitReportReporter -->
<testsuite hostname="RezD021" name="SendMail.SendMaximaDataDumpStatus" tests="1" failures="0" timestamp="1 Feb 2018 04:01:25 GMT" time="2.977" errors="0">
  <testcase name="execute" time="2.977" classname="SendMail.SendMaximaDataDumpStatus"/>
</testsuite> <!-- SendMail.SendMaximaDataDumpStatus -->
