<?xml version="1.0" encoding="UTF-8"?>
<!-- Generated by org.testng.reporters.JUnitReportReporter -->
<testsuite hostname="RezD021" name="SendMail.SendMail" tests="1" failures="0" timestamp="8 May 2017 06:55:32 GMT" time="14.899" errors="0">
  <testcase name="execute" time="14.899" classname="SendMail.SendMail"/>
</testsuite> <!-- SendMail.SendMail -->
