<?xml version="1.0" encoding="UTF-8"?>
<!-- Generated by org.testng.reporters.JUnitReportReporter -->
<testsuite hostname="RezD021" name="Panel_Automation.RateCreation" tests="1" failures="0" timestamp="8 Dec 2017 02:56:52 GMT" time="0.378" errors="0">
  <testcase name="start" time="0.378" classname="Panel_Automation.RateCreation"/>
</testsuite> <!-- Panel_Automation.RateCreation -->
